<?xml version="1.0" encoding="UTF-8"?>
<testng-results ignored="0" total="1" passed="1" failed="0" skipped="0">
  <reporter-output>
    <line>
      <![CDATA[Request completed]]>
    </line>
  </reporter-output>
  <suite started-at="2023-03-31T10:25:37 IST" name="Default suite" finished-at="2023-03-31T10:25:41 IST" duration-ms="4362">
    <groups>
    </groups>
    <test started-at="2023-03-31T10:25:37 IST" name="Default test" finished-at="2023-03-31T10:25:41 IST" duration-ms="4362">
      <class name="github.CRUDOperations.SearchReposTest">
        <test-method is-config="true" signature="methodConfig()[pri:0, instance:github.CRUDOperations.SearchReposTest@52af26ee]" started-at="2023-03-31T10:25:37 IST" name="methodConfig" finished-at="2023-03-31T10:25:38 IST" duration-ms="820" status="PASS">
          <reporter-output>
          </reporter-output>
        </test-method> <!-- methodConfig -->
        <test-method signature="searchRepoTest()[pri:0, instance:github.CRUDOperations.SearchReposTest@52af26ee]" started-at="2023-03-31T10:25:38 IST" name="searchRepoTest" finished-at="2023-03-31T10:25:41 IST" duration-ms="3479" status="PASS">
          <reporter-output>
          </reporter-output>
        </test-method> <!-- searchRepoTest -->
        <test-method is-config="true" signature="methodTearDown()[pri:0, instance:github.CRUDOperations.SearchReposTest@52af26ee]" started-at="2023-03-31T10:25:41 IST" name="methodTearDown" finished-at="2023-03-31T10:25:41 IST" duration-ms="4" status="PASS">
          <reporter-output>
            <line>
              <![CDATA[Request completed]]>
            </line>
          </reporter-output>
        </test-method> <!-- methodTearDown -->
      </class> <!-- github.CRUDOperations.SearchReposTest -->
    </test> <!-- Default test -->
  </suite> <!-- Default suite -->
</testng-results>
